<?xml version="1.0" encoding="UTF-8"?>
<!-- Generated by org.testng.reporters.JUnitXMLReporter -->
<testsuite ignored="0" hostname="EG-QA-Engy" failures="0" tests="5" name="Default test" time="24.123" errors="0" timestamp="2022-03-14T18:44:57 EET">
  <testcase classname="Search.SearchForIdea" name="createIdea" time="6.013"/>
  <testcase classname="Search.SearchForIdea" name="searchForIdea" time="1.816"/>
  <testcase classname="Search.SearchForIdea" name="searchForPeople" time="0.89"/>
  <testcase classname="Search.SearchForIdea" name="searchForskills" time="1.438"/>
  <testcase classname="Search.SearchForIdea" name="searchForBussUnit" time="1.58"/>
</testsuite> <!-- Default test -->
