<?xml version="1.0" encoding="UTF-8"?>
<!-- Generated by org.testng.reporters.JUnitXMLReporter -->
<testsuite hostname="Engy" ignored="0" name="Test" tests="4" failures="0" timestamp="2021-10-19T21:17:20 EET" time="139.084" errors="0">
  <testcase name="addIdea" time="16.331" classname="employeeTC.employeeAddIdeaTC02"/>
  <testcase name="tempEmailcreation" time="37.764" classname="employeeTC.registration"/>
  <testcase name="employeeLogin" time="0.599" classname="employeeTC.Login"/>
  <testcase name="homePagevalidation" time="6.791" classname="employeeTC.HomeEmployee"/>
</testsuite> <!-- Test -->
