<?xml version="1.0" encoding="UTF-8"?>
<testsuite xmlns:xsi="http://www.w3.org/2001/XMLSchema-instance" xsi:noNamespaceSchemaLocation="https://maven.apache.org/surefire/maven-surefire-plugin/xsd/surefire-test-report-3.0.xsd" version="3.0" name="TestSuite" time="29.442" tests="3" errors="0" skipped="0" failures="1">
  <properties>
[...]
</properties>
  <testcase name="navigation[EMoghazy@consultants.ooredoo.qa, Password@123@](1)" classname="Ideate.Login" time="1.491">
    <system-out><![CDATA[[TestNGContentHandler] [WARN] It is strongly recommended to add "<!DOCTYPE suite SYSTEM "http://testng.org/testng-1.0.dtd" >" at the top of your file, otherwise TestNG may fail or not work as expected.
chrome
chrome
chrome
chrome
Login to Ideate
]]></system-out>
    <system-err><![CDATA[SSttaarrttiinngg  ChCrhormoemDerDirveirv 9e3r. 09.4357.70.6.3 4(ff55c70da72ec.0a6de3ae d5(550fef6c57ec98041d7daa2ecc707da9d8eaa-erde5f5s5/0brea6ncc7he-9h8e4a1d7sd/a4c57777d@9{8#a11-3re5f}s) /borna npcho-rhte a3ds0/1455177@
{O#n1l1y3 5l}o)c aoln  cponornte c1t0i1o8n5s 
aOrnel ya llloocawle dc.on
nPelceatsieo snese  ahrtet aplslo:w/e/dc.hr
oPmelderaisvee rs.eec hhtrtopmsi:/u/mc.ohrrgo/mesdercuirivtye-rco.ncsihdreroatmiionusm f.oor rsgug/gsesetciounrs iotn yk-eecpionng sCihrdomeerDaritvieorn ss afofer. s
uggestions on keeping ChromeDriver safe.
CChhrroommeeDDrriivveerr  wwaass  ssttaarrtteedd  ssuucccceessssffululllyy..

[1633123544.593][WARNING]: This version of ChromeDriver has not been tested with Chrome version 94.
[1633123544.612][WARNING]: This version of ChromeDriver has not been tested with Chrome version 94.
Oct 01, 2021 11:25:45 PM org.openqa.selenium.remote.ProtocolHandshake createSession
INFO: Detected dialect: W3C
Oct 01, 2021 11:25:45 PM org.openqa.selenium.remote.ProtocolHandshake createSession
INFO: Detected dialect: W3C
]]></system-err>
  </testcase>
  <testcase name="navigation[testideate2020@gmail.com, Password](2)" classname="Ideate.Login" time="5.45">
    <failure message="no such element: Unable to locate element: {&quot;method&quot;:&quot;xpath&quot;,&quot;selector&quot;:&quot;//*[@id=&apos;email&apos;]&quot;}&#10;  (Session info: chrome=94.0.4606.61)&#10;For documentation on this error, please visit: https://www.seleniumhq.org/exceptions/no_such_element.html&#10;Build info: version: &apos;3.141.59&apos;, revision: &apos;e82be7d358&apos;, time: &apos;2018-11-14T08:17:03&apos;&#10;System info: host: &apos;ENGY&apos;, ip: &apos;128.227.250.101&apos;, os.name: &apos;Windows 10&apos;, os.arch: &apos;amd64&apos;, os.version: &apos;10.0&apos;, java.version: &apos;13.0.1&apos;&#10;Driver info: org.openqa.selenium.chrome.ChromeDriver&#10;Capabilities {acceptInsecureCerts: false, browserName: chrome, browserVersion: 94.0.4606.61, chrome: {chromedriverVersion: 93.0.4577.63 (ff5c0da2ec0ad..., userDataDir: C:\Users\ENGY~1.MOG\AppData...}, goog:chromeOptions: {debuggerAddress: localhost:56946}, javascriptEnabled: true, networkConnectionEnabled: false, pageLoadStrategy: normal, platform: WINDOWS, platformName: WINDOWS, proxy: Proxy(), setWindowRect: true, strictFileInteractability: false, timeouts: {implicit: 0, pageLoad: 300000, script: 30000}, unhandledPromptBehavior: dismiss and notify, webauthn:extension:credBlob: true, webauthn:extension:largeBlob: true, webauthn:virtualAuthenticators: true}&#10;Session ID: 07c75eb8b995110deb1a03a1982c9a5f&#10;*** Element info: {Using=xpath, value=//*[@id=&apos;email&apos;]}" type="org.openqa.selenium.NoSuchElementException"><![CDATA[org.openqa.selenium.NoSuchElementException: 
no such element: Unable to locate element: {"method":"xpath","selector":"//*[@id='email']"}
  (Session info: chrome=94.0.4606.61)
For documentation on this error, please visit: https://www.seleniumhq.org/exceptions/no_such_element.html
Build info: version: '3.141.59', revision: 'e82be7d358', time: '2018-11-14T08:17:03'
System info: host: 'ENGY', ip: '128.227.250.101', os.name: 'Windows 10', os.arch: 'amd64', os.version: '10.0', java.version: '13.0.1'
Driver info: org.openqa.selenium.chrome.ChromeDriver
Capabilities {acceptInsecureCerts: false, browserName: chrome, browserVersion: 94.0.4606.61, chrome: {chromedriverVersion: 93.0.4577.63 (ff5c0da2ec0ad..., userDataDir: C:\Users\ENGY~1.MOG\AppData...}, goog:chromeOptions: {debuggerAddress: localhost:56946}, javascriptEnabled: true, networkConnectionEnabled: false, pageLoadStrategy: normal, platform: WINDOWS, platformName: WINDOWS, proxy: Proxy(), setWindowRect: true, strictFileInteractability: false, timeouts: {implicit: 0, pageLoad: 300000, script: 30000}, unhandledPromptBehavior: dismiss and notify, webauthn:extension:credBlob: true, webauthn:extension:largeBlob: true, webauthn:virtualAuthenticators: true}
Session ID: 07c75eb8b995110deb1a03a1982c9a5f
*** Element info: {Using=xpath, value=//*[@id='email']}
	at Ideate.Login.navigation(Login.java:47)
]]></failure>
  </testcase>
  <testcase name="homePagevalidation" classname="Ideate.HomeEmployee" time="0"/>
</testsuite>