<?xml version="1.0" encoding="UTF-8"?>
<testng-results ignored="0" total="5" passed="5" failed="0" skipped="0">
  <reporter-output>
  </reporter-output>
  <suite started-at="2022-03-14T18:44:33 EET" name="Default suite" finished-at="2022-03-14T18:44:57 EET" duration-ms="24123">
    <groups>
    </groups>
    <test started-at="2022-03-14T18:44:33 EET" name="Default test" finished-at="2022-03-14T18:44:57 EET" duration-ms="24123">
      <class name="Search.SearchForIdea">
        <test-method is-config="true" signature="tearup()[pri:0, instance:Search.SearchForIdea@1838ccb8]" started-at="2022-03-14T18:44:33 EET" name="tearup" finished-at="2022-03-14T18:44:45 EET" duration-ms="12355" status="PASS">
          <reporter-output>
          </reporter-output>
        </test-method> <!-- tearup -->
        <test-method signature="createIdea()[pri:0, instance:Search.SearchForIdea@1838ccb8]" started-at="2022-03-14T18:44:45 EET" name="createIdea" finished-at="2022-03-14T18:44:51 EET" duration-ms="6013" status="PASS">
          <reporter-output>
          </reporter-output>
        </test-method> <!-- createIdea -->
        <test-method signature="searchForIdea()[pri:1, instance:Search.SearchForIdea@1838ccb8]" started-at="2022-03-14T18:44:51 EET" name="searchForIdea" finished-at="2022-03-14T18:44:53 EET" duration-ms="1816" status="PASS">
          <reporter-output>
          </reporter-output>
        </test-method> <!-- searchForIdea -->
        <test-method signature="searchForPeople()[pri:2, instance:Search.SearchForIdea@1838ccb8]" started-at="2022-03-14T18:44:53 EET" name="searchForPeople" finished-at="2022-03-14T18:44:54 EET" duration-ms="890" status="PASS">
          <reporter-output>
          </reporter-output>
        </test-method> <!-- searchForPeople -->
        <test-method signature="searchForskills()[pri:3, instance:Search.SearchForIdea@1838ccb8]" started-at="2022-03-14T18:44:54 EET" name="searchForskills" finished-at="2022-03-14T18:44:55 EET" duration-ms="1438" status="PASS">
          <reporter-output>
          </reporter-output>
        </test-method> <!-- searchForskills -->
        <test-method signature="searchForBussUnit()[pri:4, instance:Search.SearchForIdea@1838ccb8]" started-at="2022-03-14T18:44:55 EET" name="searchForBussUnit" finished-at="2022-03-14T18:44:57 EET" duration-ms="1580" status="PASS">
          <reporter-output>
          </reporter-output>
        </test-method> <!-- searchForBussUnit -->
        <test-method is-config="true" signature="teardown()[pri:0, instance:Search.SearchForIdea@1838ccb8]" started-at="2022-03-14T18:44:57 EET" name="teardown" finished-at="2022-03-14T18:44:57 EET" duration-ms="0" status="PASS">
          <reporter-output>
          </reporter-output>
        </test-method> <!-- teardown -->
      </class> <!-- Search.SearchForIdea -->
    </test> <!-- Default test -->
  </suite> <!-- Default suite -->
</testng-results>
