<?xml version="1.0" encoding="UTF-8"?>
<testng-results ignored="0" total="1" passed="1" failed="0" skipped="0">
  <reporter-output>
  </reporter-output>
  <suite started-at="2021-11-08T22:36:42 EET" name="Default suite" finished-at="2021-11-08T22:36:58 EET" duration-ms="15301">
    <groups>
    </groups>
    <test started-at="2021-11-08T22:36:42 EET" name="Default test" finished-at="2021-11-08T22:36:58 EET" duration-ms="15301">
      <class name="employeeTC.AddIdeaToChallenge">
        <test-method signature="addIdea()[pri:0, instance:employeeTC.AddIdeaToChallenge@6a192cfe]" started-at="2021-11-08T22:36:42 EET" name="addIdea" finished-at="2021-11-08T22:36:58 EET" duration-ms="15263" status="PASS">
          <reporter-output>
          </reporter-output>
        </test-method> <!-- addIdea -->
      </class> <!-- employeeTC.AddIdeaToChallenge -->
    </test> <!-- Default test -->
  </suite> <!-- Default suite -->
</testng-results>
